# JRE version: OpenJDK Runtime Environment Temurin-17.0.16+8 (17.0.16+8) (build 17.0.16+8)
# Java VM: OpenJDK 64-Bit Server VM Temurin-17.0.16+8 (17.0.16+8, mixed mode, sharing, tiered, compressed oops, compressed class ptrs, g1 gc, windows-amd64)
GC Precious Log:
 CPUs: 8 total, 8 available
 Memory: 16068M
 Large Page Support: Disabled
 NUMA Support: Disabled
 Compressed Oops: Enabled (32-bit)
 Heap Region Size: 1M
 Heap Min Capacity: 64M
 Heap Initial Capacity: 64M
 Heap Max Capacity: 256M
 Pre-touch: Disabled
 Parallel Workers: 8
 Concurrent Workers: 2
 Concurrent Refinement Workers: 8
 Periodic GC: Disabled
Heap:
 garbage-first heap   total 153600K, used 86724K [0x00000000f0000000, 0x0000000100000000)
  region size 1024K, 33 young (33792K), 1 survivors (1024K)
 Metaspace       used 23164K, committed 23488K, reserved 1114112K
  class space    used 2722K, committed 2880K, reserved 1048576K
GC Heap History (18 events):
Event: 0.682 GC heap before
{Heap before GC invocations=0 (full 0):
 garbage-first heap   total 65536K, used 23552K [0x00000000f0000000, 0x0000000100000000)
  region size 1024K, 23 young (23552K), 0 survivors (0K)
 Metaspace       used 5366K, committed 5568K, reserved 1114112K
  class space    used 643K, committed 768K, reserved 1048576K
}
Event: 0.687 GC heap after
{Heap after GC invocations=1 (full 0):
 garbage-first heap   total 65536K, used 3664K [0x00000000f0000000, 0x0000000100000000)
  region size 1024K, 3 young (3072K), 3 survivors (3072K)
 Metaspace       used 5366K, committed 5568K, reserved 1114112K
  class space    used 643K, committed 768K, reserved 1048576K
}
Event: 1.195 GC heap before
{Heap before GC invocations=1 (full 0):
 garbage-first heap   total 65536K, used 31312K [0x00000000f0000000, 0x0000000100000000)
  region size 1024K, 30 young (30720K), 3 survivors (3072K)
 Metaspace       used 8435K, committed 8576K, reserved 1114112K
  class space    used 1016K, committed 1088K, reserved 1048576K
}
Event: 1.200 GC heap after
{Heap after GC invocations=2 (full 0):
 garbage-first heap   total 65536K, used 4952K [0x00000000f0000000, 0x0000000100000000)
  region size 1024K, 2 young (2048K), 2 survivors (2048K)
 Metaspace       used 8435K, committed 8576K, reserved 1114112K
  class space    used 1016K, committed 1088K, reserved 1048576K
}
Event: 2.011 GC heap before
{Heap before GC invocations=2 (full 0):
 garbage-first heap   total 65536K, used 41816K [0x00000000f0000000, 0x0000000100000000)
  region size 1024K, 38 young (38912K), 2 survivors (2048K)
 Metaspace       used 14348K, committed 14528K, reserved 1114112K
  class space    used 1757K, committed 1856K, reserved 1048576K
}
Event: 2.022 GC heap after
{Heap after GC invocations=3 (full 0):
 garbage-first heap   total 65536K, used 9159K [0x00000000f0000000, 0x0000000100000000)
  region size 1024K, 5 young (5120K), 5 survivors (5120K)
 Metaspace       used 14348K, committed 14528K, reserved 1114112K
  class space    used 1757K, committed 1856K, reserved 1048576K
}
Event: 2.577 GC heap before
{Heap before GC invocations=3 (full 0):
 garbage-first heap   total 65536K, used 42951K [0x00000000f0000000, 0x0000000100000000)
  region size 1024K, 38 young (38912K), 5 survivors (5120K)
 Metaspace       used 15288K, committed 15488K, reserved 1114112K
  class space    used 1838K, committed 1920K, reserved 1048576K
}
Event: 2.589 GC heap after
{Heap after GC invocations=4 (full 0):
 garbage-first heap   total 65536K, used 13420K [0x00000000f0000000, 0x0000000100000000)
  region size 1024K, 5 young (5120K), 5 survivors (5120K)
 Metaspace       used 15288K, committed 15488K, reserved 1114112K
  class space    used 1838K, committed 1920K, reserved 1048576K
}
Event: 3.095 GC heap before
{Heap before GC invocations=4 (full 0):
 garbage-first heap   total 65536K, used 45164K [0x00000000f0000000, 0x0000000100000000)
  region size 1024K, 36 young (36864K), 5 survivors (5120K)
 Metaspace       used 15645K, committed 15808K, reserved 1114112K
  class space    used 1842K, committed 1920K, reserved 1048576K
}
Event: 3.103 GC heap after
{Heap after GC invocations=5 (full 0):
 garbage-first heap   total 65536K, used 15775K [0x00000000f0000000, 0x0000000100000000)
  region size 1024K, 3 young (3072K), 3 survivors (3072K)
 Metaspace       used 15645K, committed 15808K, reserved 1114112K
  class space    used 1842K, committed 1920K, reserved 1048576K
}
Event: 3.759 GC heap before
{Heap before GC invocations=5 (full 0):
 garbage-first heap   total 65536K, used 47519K [0x00000000f0000000, 0x0000000100000000)
  region size 1024K, 34 young (34816K), 3 survivors (3072K)
 Metaspace       used 16800K, committed 17024K, reserved 1114112K
  class space    used 1951K, committed 2048K, reserved 1048576K
}
Event: 3.765 GC heap after
{Heap after GC invocations=6 (full 0):
 garbage-first heap   total 65536K, used 16851K [0x00000000f0000000, 0x0000000100000000)
  region size 1024K, 4 young (4096K), 4 survivors (4096K)
 Metaspace       used 16800K, committed 17024K, reserved 1114112K
  class space    used 1951K, committed 2048K, reserved 1048576K
}
Event: 3.784 GC heap before
{Heap before GC invocations=6 (full 0):
 garbage-first heap   total 65536K, used 25043K [0x00000000f0000000, 0x0000000100000000)
  region size 1024K, 5 young (5120K), 4 survivors (4096K)
 Metaspace       used 16974K, committed 17280K, reserved 1114112K
  class space    used 1972K, committed 2112K, reserved 1048576K
}
Event: 3.787 GC heap after
{Heap after GC invocations=7 (full 0):
 garbage-first heap   total 65536K, used 25174K [0x00000000f0000000, 0x0000000100000000)
  region size 1024K, 2 young (2048K), 2 survivors (2048K)
 Metaspace       used 16974K, committed 17280K, reserved 1114112K
  class space    used 1972K, committed 2112K, reserved 1048576K
}
Event: 3.789 GC heap before
{Heap before GC invocations=7 (full 0):
 garbage-first heap   total 65536K, used 37462K [0x00000000f0000000, 0x0000000100000000)
  region size 1024K, 3 young (3072K), 2 survivors (2048K)
 Metaspace       used 16974K, committed 17280K, reserved 1114112K
  class space    used 1972K, committed 2112K, reserved 1048576K
}
Event: 3.792 GC heap after
{Heap after GC invocations=8 (full 0):
 garbage-first heap   total 65536K, used 37462K [0x00000000f0000000, 0x0000000100000000)
  region size 1024K, 2 young (2048K), 2 survivors (2048K)
 Metaspace       used 16974K, committed 17280K, reserved 1114112K
  class space    used 1972K, committed 2112K, reserved 1048576K
}
Event: 3.846 GC heap before
{Heap before GC invocations=9 (full 0):
 garbage-first heap   total 153600K, used 115286K [0x00000000f0000000, 0x0000000100000000)
  region size 1024K, 3 young (3072K), 2 survivors (2048K)
 Metaspace       used 16998K, committed 17280K, reserved 1114112K
  class space    used 1974K, committed 2112K, reserved 1048576K
}
Event: 3.848 GC heap after
{Heap after GC invocations=10 (full 0):
 garbage-first heap   total 153600K, used 17092K [0x00000000f0000000, 0x0000000100000000)
  region size 1024K, 1 young (1024K), 1 survivors (1024K)
 Metaspace       used 16998K, committed 17280K, reserved 1114112K
  class space    used 1974K, committed 2112K, reserved 1048576K
}

