# JRE version: OpenJDK Runtime Environment Temurin-17.0.16+8 (17.0.16+8) (build 17.0.16+8)
# Java VM: OpenJDK 64-Bit Server VM Temurin-17.0.16+8 (17.0.16+8, mixed mode, sharing, tiered, compressed oops, compressed class ptrs, g1 gc, windows-amd64)
GC Precious Log:
 CPUs: 8 total, 8 available
 Memory: 16068M
 Large Page Support: Disabled
 NUMA Support: Disabled
 Compressed Oops: Enabled (32-bit)
 Heap Region Size: 1M
 Heap Min Capacity: 128M
 Heap Initial Capacity: 128M
 Heap Max Capacity: 512M
 Pre-touch: Disabled
 Parallel Workers: 8
 Concurrent Workers: 2
 Concurrent Refinement Workers: 8
 Periodic GC: Disabled
Heap:
 garbage-first heap   total 132096K, used 86904K [0x00000000e0000000, 0x0000000100000000)
  region size 1024K, 30 young (30720K), 2 survivors (2048K)
 Metaspace       used 34652K, committed 35136K, reserved 1114112K
  class space    used 3924K, committed 4160K, reserved 1048576K
GC Heap History (20 events):
Event: 2.802 GC heap before
{Heap before GC invocations=2 (full 0):
 garbage-first heap   total 131072K, used 81063K [0x00000000e0000000, 0x0000000100000000)
  region size 1024K, 76 young (77824K), 2 survivors (2048K)
 Metaspace       used 15387K, committed 15616K, reserved 1114112K
  class space    used 1831K, committed 1920K, reserved 1048576K
}
Event: 2.814 GC heap after
{Heap after GC invocations=3 (full 0):
 garbage-first heap   total 131072K, used 13489K [0x00000000e0000000, 0x0000000100000000)
  region size 1024K, 10 young (10240K), 10 survivors (10240K)
 Metaspace       used 15387K, committed 15616K, reserved 1114112K
  class space    used 1831K, committed 1920K, reserved 1048576K
}
Event: 4.205 GC heap before
{Heap before GC invocations=3 (full 0):
 garbage-first heap   total 131072K, used 112817K [0x00000000e0000000, 0x0000000100000000)
  region size 1024K, 71 young (72704K), 10 survivors (10240K)
 Metaspace       used 19630K, committed 19840K, reserved 1114112K
  class space    used 2287K, committed 2368K, reserved 1048576K
}
Event: 4.216 GC heap after
{Heap after GC invocations=4 (full 0):
 garbage-first heap   total 131072K, used 23186K [0x00000000e0000000, 0x0000000100000000)
  region size 1024K, 7 young (7168K), 7 survivors (7168K)
 Metaspace       used 19630K, committed 19840K, reserved 1114112K
  class space    used 2287K, committed 2368K, reserved 1048576K
}
Event: 4.295 GC heap before
{Heap before GC invocations=4 (full 0):
 garbage-first heap   total 131072K, used 24210K [0x00000000e0000000, 0x0000000100000000)
  region size 1024K, 9 young (9216K), 7 survivors (7168K)
 Metaspace       used 21198K, committed 21504K, reserved 1114112K
  class space    used 2503K, committed 2688K, reserved 1048576K
}
Event: 4.299 GC heap after
{Heap after GC invocations=5 (full 0):
 garbage-first heap   total 131072K, used 21944K [0x00000000e0000000, 0x0000000100000000)
  region size 1024K, 1 young (1024K), 1 survivors (1024K)
 Metaspace       used 21198K, committed 21504K, reserved 1114112K
  class space    used 2503K, committed 2688K, reserved 1048576K
}
Event: 5.490 GC heap before
{Heap before GC invocations=6 (full 0):
 garbage-first heap   total 131072K, used 88504K [0x00000000e0000000, 0x0000000100000000)
  region size 1024K, 65 young (66560K), 1 survivors (1024K)
 Metaspace       used 27133K, committed 27456K, reserved 1114112K
  class space    used 3118K, committed 3264K, reserved 1048576K
}
Event: 5.499 GC heap after
{Heap after GC invocations=7 (full 0):
 garbage-first heap   total 131072K, used 36864K [0x00000000e0000000, 0x0000000100000000)
  region size 1024K, 9 young (9216K), 9 survivors (9216K)
 Metaspace       used 27133K, committed 27456K, reserved 1114112K
  class space    used 3118K, committed 3264K, reserved 1048576K
}
Event: 6.193 GC heap before
{Heap before GC invocations=7 (full 0):
 garbage-first heap   total 131072K, used 91136K [0x00000000e0000000, 0x0000000100000000)
  region size 1024K, 63 young (64512K), 9 survivors (9216K)
 Metaspace       used 28803K, committed 29184K, reserved 1114112K
  class space    used 3289K, committed 3456K, reserved 1048576K
}
Event: 6.203 GC heap after
{Heap after GC invocations=8 (full 0):
 garbage-first heap   total 131072K, used 39214K [0x00000000e0000000, 0x0000000100000000)
  region size 1024K, 2 young (2048K), 2 survivors (2048K)
 Metaspace       used 28803K, committed 29184K, reserved 1114112K
  class space    used 3289K, committed 3456K, reserved 1048576K
}
Event: 6.390 GC heap before
{Heap before GC invocations=8 (full 0):
 garbage-first heap   total 131072K, used 95534K [0x00000000e0000000, 0x0000000100000000)
  region size 1024K, 57 young (58368K), 2 survivors (2048K)
 Metaspace       used 28922K, committed 29248K, reserved 1114112K
  class space    used 3290K, committed 3456K, reserved 1048576K
}
Event: 6.395 GC heap after
{Heap after GC invocations=9 (full 0):
 garbage-first heap   total 131072K, used 41262K [0x00000000e0000000, 0x0000000100000000)
  region size 1024K, 4 young (4096K), 4 survivors (4096K)
 Metaspace       used 28922K, committed 29248K, reserved 1114112K
  class space    used 3290K, committed 3456K, reserved 1048576K
}
Event: 6.642 GC heap before
{Heap before GC invocations=9 (full 0):
 garbage-first heap   total 131072K, used 98606K [0x00000000e0000000, 0x0000000100000000)
  region size 1024K, 60 young (61440K), 4 survivors (4096K)
 Metaspace       used 29063K, committed 29376K, reserved 1114112K
  class space    used 3293K, committed 3456K, reserved 1048576K
}
Event: 6.648 GC heap after
{Heap after GC invocations=10 (full 0):
 garbage-first heap   total 131072K, used 41953K [0x00000000e0000000, 0x0000000100000000)
  region size 1024K, 5 young (5120K), 5 survivors (5120K)
 Metaspace       used 29063K, committed 29376K, reserved 1114112K
  class space    used 3293K, committed 3456K, reserved 1048576K
}
Event: 7.514 GC heap before
{Heap before GC invocations=10 (full 0):
 garbage-first heap   total 131072K, used 101345K [0x00000000e0000000, 0x0000000100000000)
  region size 1024K, 63 young (64512K), 5 survivors (5120K)
 Metaspace       used 30814K, committed 31168K, reserved 1114112K
  class space    used 3452K, committed 3648K, reserved 1048576K
}
Event: 7.522 GC heap after
{Heap after GC invocations=11 (full 0):
 garbage-first heap   total 131072K, used 42784K [0x00000000e0000000, 0x0000000100000000)
  region size 1024K, 5 young (5120K), 5 survivors (5120K)
 Metaspace       used 30814K, committed 31168K, reserved 1114112K
  class space    used 3452K, committed 3648K, reserved 1048576K
}
Event: 8.383 GC heap before
{Heap before GC invocations=11 (full 0):
 garbage-first heap   total 131072K, used 110368K [0x00000000e0000000, 0x0000000100000000)
  region size 1024K, 64 young (65536K), 5 survivors (5120K)
 Metaspace       used 31426K, committed 31808K, reserved 1114112K
  class space    used 3520K, committed 3712K, reserved 1048576K
}
Event: 8.395 GC heap after
{Heap after GC invocations=12 (full 0):
 garbage-first heap   total 132096K, used 64440K [0x00000000e0000000, 0x0000000100000000)
  region size 1024K, 8 young (8192K), 8 survivors (8192K)
 Metaspace       used 31426K, committed 31808K, reserved 1114112K
  class space    used 3520K, committed 3712K, reserved 1048576K
}
Event: 9.081 GC heap before
{Heap before GC invocations=12 (full 0):
 garbage-first heap   total 132096K, used 104376K [0x00000000e0000000, 0x0000000100000000)
  region size 1024K, 47 young (48128K), 8 survivors (8192K)
 Metaspace       used 33248K, committed 33600K, reserved 1114112K
  class space    used 3689K, committed 3840K, reserved 1048576K
}
Event: 9.087 GC heap after
{Heap after GC invocations=13 (full 0):
 garbage-first heap   total 132096K, used 59256K [0x00000000e0000000, 0x0000000100000000)
  region size 1024K, 2 young (2048K), 2 survivors (2048K)
 Metaspace       used 33248K, committed 33600K, reserved 1114112K
  class space    used 3689K, committed 3840K, reserved 1048576K
}

