# JRE version: OpenJDK Runtime Environment Temurin-17.0.16+8 (17.0.16+8) (build 17.0.16+8)
# Java VM: OpenJDK 64-Bit Server VM Temurin-17.0.16+8 (17.0.16+8, mixed mode, sharing, tiered, compressed oops, compressed class ptrs, g1 gc, windows-amd64)
GC Precious Log:
 CPUs: 8 total, 8 available
 Memory: 16068M
 Large Page Support: Disabled
 NUMA Support: Disabled
 Compressed Oops: Enabled (32-bit)
 Heap Region Size: 1M
 Heap Min Capacity: 128M
 Heap Initial Capacity: 128M
 Heap Max Capacity: 512M
 Pre-touch: Disabled
 Parallel Workers: 8
 Concurrent Workers: 2
 Concurrent Refinement Workers: 8
 Periodic GC: Disabled
Heap:
 garbage-first heap   total 131072K, used 97192K [0x00000000e0000000, 0x0000000100000000)
  region size 1024K, 43 young (44032K), 6 survivors (6144K)
 Metaspace       used 32102K, committed 32448K, reserved 1114112K
  class space    used 3586K, committed 3712K, reserved 1048576K
GC Heap History (20 events):
Event: 5.704 GC heap before
{Heap before GC invocations=3 (full 0):
 garbage-first heap   total 131072K, used 111818K [0x00000000e0000000, 0x0000000100000000)
  region size 1024K, 67 young (68608K), 10 survivors (10240K)
 Metaspace       used 17083K, committed 17344K, reserved 1114112K
  class space    used 1976K, committed 2112K, reserved 1048576K
}
Event: 5.715 GC heap after
{Heap after GC invocations=4 (full 0):
 garbage-first heap   total 131072K, used 24720K [0x00000000e0000000, 0x0000000100000000)
  region size 1024K, 4 young (4096K), 4 survivors (4096K)
 Metaspace       used 17083K, committed 17344K, reserved 1114112K
  class space    used 1976K, committed 2112K, reserved 1048576K
}
Event: 5.720 GC heap before
{Heap before GC invocations=4 (full 0):
 garbage-first heap   total 131072K, used 57488K [0x00000000e0000000, 0x0000000100000000)
  region size 1024K, 5 young (5120K), 4 survivors (4096K)
 Metaspace       used 17090K, committed 17344K, reserved 1114112K
  class space    used 1976K, committed 2112K, reserved 1048576K
}
Event: 5.724 GC heap after
{Heap after GC invocations=5 (full 0):
 garbage-first heap   total 131072K, used 23980K [0x00000000e0000000, 0x0000000100000000)
  region size 1024K, 4 young (4096K), 4 survivors (4096K)
 Metaspace       used 17090K, committed 17344K, reserved 1114112K
  class space    used 1976K, committed 2112K, reserved 1048576K
}
Event: 5.729 GC heap before
{Heap before GC invocations=5 (full 0):
 garbage-first heap   total 131072K, used 56748K [0x00000000e0000000, 0x0000000100000000)
  region size 1024K, 5 young (5120K), 4 survivors (4096K)
 Metaspace       used 17091K, committed 17344K, reserved 1114112K
  class space    used 1976K, committed 2112K, reserved 1048576K
}
Event: 5.732 GC heap after
{Heap after GC invocations=6 (full 0):
 garbage-first heap   total 131072K, used 23922K [0x00000000e0000000, 0x0000000100000000)
  region size 1024K, 4 young (4096K), 4 survivors (4096K)
 Metaspace       used 17091K, committed 17344K, reserved 1114112K
  class space    used 1976K, committed 2112K, reserved 1048576K
}
Event: 6.493 GC heap before
{Heap before GC invocations=6 (full 0):
 garbage-first heap   total 131072K, used 84338K [0x00000000e0000000, 0x0000000100000000)
  region size 1024K, 35 young (35840K), 4 survivors (4096K)
 Metaspace       used 21140K, committed 21504K, reserved 1114112K
  class space    used 2488K, committed 2688K, reserved 1048576K
}
Event: 6.499 GC heap after
{Heap after GC invocations=7 (full 0):
 garbage-first heap   total 131072K, used 23908K [0x00000000e0000000, 0x0000000100000000)
  region size 1024K, 8 young (8192K), 8 survivors (8192K)
 Metaspace       used 21140K, committed 21504K, reserved 1114112K
  class space    used 2488K, committed 2688K, reserved 1048576K
}
Event: 7.796 GC heap before
{Heap before GC invocations=8 (full 0):
 garbage-first heap   total 131072K, used 94564K [0x00000000e0000000, 0x0000000100000000)
  region size 1024K, 76 young (77824K), 8 survivors (8192K)
 Metaspace       used 26299K, committed 26688K, reserved 1114112K
  class space    used 3023K, committed 3200K, reserved 1048576K
}
Event: 7.815 GC heap after
{Heap after GC invocations=9 (full 0):
 garbage-first heap   total 131072K, used 43428K [0x00000000e0000000, 0x0000000100000000)
  region size 1024K, 10 young (10240K), 10 survivors (10240K)
 Metaspace       used 26299K, committed 26688K, reserved 1114112K
  class space    used 3023K, committed 3200K, reserved 1048576K
}
Event: 8.835 GC heap before
{Heap before GC invocations=9 (full 0):
 garbage-first heap   total 131072K, used 94628K [0x00000000e0000000, 0x0000000100000000)
  region size 1024K, 61 young (62464K), 10 survivors (10240K)
 Metaspace       used 28571K, committed 28864K, reserved 1114112K
  class space    used 3255K, committed 3392K, reserved 1048576K
}
Event: 8.845 GC heap after
{Heap after GC invocations=10 (full 0):
 garbage-first heap   total 131072K, used 48640K [0x00000000e0000000, 0x0000000100000000)
  region size 1024K, 4 young (4096K), 4 survivors (4096K)
 Metaspace       used 28571K, committed 28864K, reserved 1114112K
  class space    used 3255K, committed 3392K, reserved 1048576K
}
Event: 9.212 GC heap before
{Heap before GC invocations=10 (full 0):
 garbage-first heap   total 131072K, used 98816K [0x00000000e0000000, 0x0000000100000000)
  region size 1024K, 53 young (54272K), 4 survivors (4096K)
 Metaspace       used 29328K, committed 29696K, reserved 1114112K
  class space    used 3324K, committed 3456K, reserved 1048576K
}
Event: 9.219 GC heap after
{Heap after GC invocations=11 (full 0):
 garbage-first heap   total 131072K, used 50263K [0x00000000e0000000, 0x0000000100000000)
  region size 1024K, 6 young (6144K), 6 survivors (6144K)
 Metaspace       used 29328K, committed 29696K, reserved 1114112K
  class space    used 3324K, committed 3456K, reserved 1048576K
}
Event: 9.537 GC heap before
{Heap before GC invocations=11 (full 0):
 garbage-first heap   total 131072K, used 101463K [0x00000000e0000000, 0x0000000100000000)
  region size 1024K, 56 young (57344K), 6 survivors (6144K)
 Metaspace       used 29465K, committed 29888K, reserved 1114112K
  class space    used 3328K, committed 3520K, reserved 1048576K
}
Event: 9.545 GC heap after
{Heap after GC invocations=12 (full 0):
 garbage-first heap   total 131072K, used 52107K [0x00000000e0000000, 0x0000000100000000)
  region size 1024K, 4 young (4096K), 4 survivors (4096K)
 Metaspace       used 29465K, committed 29888K, reserved 1114112K
  class space    used 3328K, committed 3520K, reserved 1048576K
}
Event: 9.790 GC heap before
{Heap before GC invocations=12 (full 0):
 garbage-first heap   total 131072K, used 104331K [0x00000000e0000000, 0x0000000100000000)
  region size 1024K, 55 young (56320K), 4 survivors (4096K)
 Metaspace       used 29566K, committed 29952K, reserved 1114112K
  class space    used 3328K, committed 3520K, reserved 1048576K
}
Event: 9.794 GC heap after
{Heap after GC invocations=13 (full 0):
 garbage-first heap   total 131072K, used 51862K [0x00000000e0000000, 0x0000000100000000)
  region size 1024K, 4 young (4096K), 4 survivors (4096K)
 Metaspace       used 29566K, committed 29952K, reserved 1114112K
  class space    used 3328K, committed 3520K, reserved 1048576K
}
Event: 10.893 GC heap before
{Heap before GC invocations=13 (full 0):
 garbage-first heap   total 131072K, used 105110K [0x00000000e0000000, 0x0000000100000000)
  region size 1024K, 56 young (57344K), 4 survivors (4096K)
 Metaspace       used 31995K, committed 32320K, reserved 1114112K
  class space    used 3578K, committed 3712K, reserved 1048576K
}
Event: 10.902 GC heap after
{Heap after GC invocations=14 (full 0):
 garbage-first heap   total 131072K, used 54184K [0x00000000e0000000, 0x0000000100000000)
  region size 1024K, 6 young (6144K), 6 survivors (6144K)
 Metaspace       used 31995K, committed 32320K, reserved 1114112K
  class space    used 3578K, committed 3712K, reserved 1048576K
}

